xrun(64): 20.09-s009: (c) Copyright 1995-2021 Cadence Design Systems, Inc.
TOOL:	xrun(64)	20.09-s009: Started on Apr 24, 2025 at 10:38:28 IST
xrun
	-access +rwc
	-f compile_list.f
		./../../RTL/grant_arbiter.sv
		./../../RTL/rate_limiter_16to8.sv
		./../../RTL/sch_ctrl_fsm.sv
		./../../RTL/scheduler_reg_config.sv
		./../UVME/uvm_pkg/test_pkg.sv
		./../UVME/top/ulss_top.sv
		./../UVME/top/ulss_interface.sv
	-uvmhome CDNS-1.1d
	+UVM_TESTNAME=in_stream_zero_to_three_map_test
Recompiling... reason: file '../UVME/sequence/in_stream_zero_to_three_map_sequence.sv' is newer than expected.
	expected: Thu Apr 24 09:43:46 2025
	actual:   Thu Apr 24 10:38:24 2025
Compiling UVM packages (uvm_pkg.sv cdns_uvm_pkg.sv) using uvmhome location /tools/cadence_march2021/XCELIUM2009/tools/methodology/UVM/CDNS-1.1d
file: ./../UVME/uvm_pkg/test_pkg.sv
package test_pkg;
               |
xmvlog: *W,TSNSPK (./../UVME/uvm_pkg/test_pkg.sv,1|15): `timescale is not specified for the package.  The default timescale of 1ns/1ns will be assumed for this package.
	package worklib.test_pkg:sv
		errors: 0, warnings: 1
file: ./../UVME/top/ulss_top.sv
	module worklib.ulss_top:sv
		errors: 0, warnings: 0
		Caching library 'worklib' ....... Done
	Elaborating the design hierarchy:
	Top level design units:
		uvm_pkg
		cdns_uvmapi
		cdns_assert2uvm_pkg
		cdns_uvm_pkg
		test_pkg
		ulss_top
xmelab: *W,DSEMEL: This SystemVerilog design will be simulated as per IEEE 1800-2009 SystemVerilog simulation semantics. Use -disable_sem2009 option for turning off SV 2009 simulation semantics.
	Building instance overlay tables: .................... Done
	Generating native compiled code:
		worklib.uvm_pkg:sv <0x0cfd768f>
			streams:  21, words: 20020
		worklib.uvm_pkg:sv <0x797541d0>
			streams:  23, words: 36625
		worklib.uvm_pkg:sv <0x6e8e4fb8>
			streams:  21, words: 20063
		worklib.uvm_pkg:sv <0x023464c8>
			streams:  23, words: 28660
		worklib.uvm_pkg:sv <0x1a00a31a>
			streams:  21, words: 20020
		worklib.uvm_pkg:sv <0x1130c87a>
			streams:  23, words: 27717
		worklib.uvm_pkg:sv <0x3b24d9db>
			streams:  21, words: 20020
		worklib.uvm_pkg:sv <0x3da4f57c>
			streams:  23, words: 27717
		worklib.uvm_pkg:sv <0x6eb0d8ea>
			streams:  21, words: 20020
		worklib.uvm_pkg:sv <0x3ed002c9>
			streams:  23, words: 44979
		worklib.uvm_pkg:sv <0x29a6fef0>
			streams:  21, words: 20020
		worklib.test_pkg:sv <0x25635aa8>
			streams:  22, words: 17965
		worklib.uvm_pkg:sv <0x598273f4>
			streams:  22, words: 22460
		worklib.uvm_pkg:sv <0x33bc6440>
			streams:  22, words: 23460
		worklib.uvm_pkg:sv <0x0716a15a>
			streams:  22, words: 21565
		worklib.uvm_pkg:sv <0x3883b1b6>
			streams:  60, words: 56674
		worklib.uvm_pkg:sv <0x4bf594ba>
			streams: 246, words: 374525
		worklib.uvm_pkg:sv <0x664ff967>
			streams:  23, words: 105199
		worklib.uvm_pkg:sv <0x608ed8e8>
			streams: 177, words: 199238
		worklib.uvm_pkg:sv <0x2613024c>
			streams:  23, words: 333286
		worklib.ulss_top:sv <0x4a97f86f>
			streams: 160, words: 101260
		worklib.test_pkg:sv <0x67ec2b48>
			streams:   0, words:     0
	Building instance specific data structures.
	Loading native compiled code:     .................... Done
	Design hierarchy summary:
		                       Instances  Unique
		Modules:                       8       5
		Interfaces:                    1       1
		Verilog packages:              5       5
		Registers:                 15140   10903
		Scalar wires:                472       -
		Vectored wires:              298       -
		Named events:                  4      12
		Always blocks:               142      37
		Initial blocks:              318     168
		Parallel blocks:              28      29
		Cont. assignments:           312     117
		Pseudo assignments:          254     254
		Assertions:                    2       2
		SV Class declarations:       209     323
		SV Class specializations:    402     402
	Writing initial simulation snapshot: worklib.ulss_top:sv
Loading snapshot worklib.ulss_top:sv .................... Done
SVSEED default: 1
xmsim: *W,RNDXCELON: A newer version of the SystemVerilog constraint solver is being used which has better support for array-solving, new solve-order mechanism, and seed stability enhancements..
xmsim: *W,DSEM2009: This SystemVerilog design is simulated as per IEEE 1800-2009 SystemVerilog simulation semantics. Use -disable_sem2009 option for turning off SV 2009 simulation semantics.
xcelium> source /tools/cadence_march2021/XCELIUM2009/tools/xcelium/files/xmsimrc
xcelium> source /tools/cadence_march2021/XCELIUM2009/tools/methodology/UVM/CDNS-1.1d/additions/sv/files/tcl/uvm_sim.tcl
xcelium> run
----------------------------------------------------------------
CDNS-UVM-1.1d (20.09-s009)
(C) 2007-2013 Mentor Graphics Corporation
(C) 2007-2013 Cadence Design Systems, Inc.
(C) 2006-2013 Synopsys, Inc.
(C) 2011-2013 Cypress Semiconductor Corp.
----------------------------------------------------------------

  ***********       IMPORTANT RELEASE NOTES         ************

  You are using a version of the UVM library that has been compiled
  with `UVM_NO_DEPRECATED undefined.
  See http://www.eda.org/svdb/view.php?id=3313 for more details.

  You are using a version of the UVM library that has been compiled
  with `UVM_OBJECT_MUST_HAVE_CONSTRUCTOR undefined.
  See http://www.eda.org/svdb/view.php?id=3770 for more details.

      (Specify +UVM_NO_RELNOTES to turn off this notice)

UVM_INFO @ 0: reporter [RNTST] Running test in_stream_zero_to_three_map_test...
UVM_INFO @ 0: reporter [UVMTOP] UVM testbench topology:
------------------------------------------------------------------------
Name                       Type                              Size  Value
------------------------------------------------------------------------
uvm_test_top               in_stream_zero_to_three_map_test  -     @2671
  env                      ulss_env                          -     @2731
    ulss_agent             ulss_agent                        -     @2777
      drv                  ulss_driver                       -     @2811
        rsp_port           uvm_analysis_port                 -     @2911
        seq_item_port      uvm_seq_item_pull_port            -     @2860
      mon                  ulss_monitor                      -     @2942
        analysis_port      uvm_analysis_port                 -     @3649
      sqr                  ulss_sequencer                    -     @2973
        rsp_export         uvm_analysis_export               -     @3031
        seq_item_export    uvm_seq_item_pull_imp             -     @3579
        arbitration_queue  array                             0     -    
        lock_queue         array                             0     -    
        num_last_reqs      integral                          32    'd1  
        num_last_rsps      integral                          32    'd1  
------------------------------------------------------------------------

UVM_INFO ./../UVME/tests/in_stream_zero_to_three_map_test.sv(19) @ 0: uvm_test_top [uvm_test_top] it test first line
UVM_INFO ./../UVME/tests/in_stream_zero_to_three_map_test.sv(21) @ 0: uvm_test_top [in_stream_zero_to_three_map_test] inside the in_stream_zero_to_three_map_sequence_inst test
UVM_INFO ./../UVME/sequence/in_stream_zero_to_three_map_sequence.sv(391) @ 0: uvm_test_top.env.ulss_agent.sqr@@in_stream_zero_to_three_map_sequence_inst [in_stream_zero_to_three_map_sequence] in_stream_zero_to_three_map_sequence: starting sequence
UVM_INFO ./../UVME/agent/ulss_driver.sv(1225) @ 78: uvm_test_top.env.ulss_agent.drv [ulss_driver] [DRV] WRITE ADDR=0 DATA=0xf
UVM_INFO ./../UVME/sequence/in_stream_zero_to_three_map_sequence.sv(424) @ 102: uvm_test_top.env.ulss_agent.sqr@@in_stream_zero_to_three_map_sequence_inst [in_stream_zero_to_three_map_sequence] out_stream_0_reg=0xf
UVM_INFO ./../UVME/agent/ulss_driver.sv(1225) @ 112: uvm_test_top.env.ulss_agent.drv [ulss_driver] [DRV] WRITE ADDR=4 DATA=0x8003
UVM_INFO ./../UVME/sequence/in_stream_zero_to_three_map_sequence.sv(460) @ 134: uvm_test_top.env.ulss_agent.sqr@@in_stream_zero_to_three_map_sequence_inst [in_stream_zero_to_three_map_sequence] in_stream_0_reg=0x8003
UVM_INFO ./../UVME/agent/ulss_driver.sv(1225) @ 144: uvm_test_top.env.ulss_agent.drv [ulss_driver] [DRV] WRITE ADDR=5 DATA=0x8002
UVM_INFO ./../UVME/sequence/in_stream_zero_to_three_map_sequence.sv(492) @ 174: uvm_test_top.env.ulss_agent.sqr@@in_stream_zero_to_three_map_sequence_inst [in_stream_zero_to_three_map_sequence] in_stream_1_reg=0x8002
UVM_INFO ./../UVME/agent/ulss_driver.sv(1225) @ 184: uvm_test_top.env.ulss_agent.drv [ulss_driver] [DRV] WRITE ADDR=6 DATA=0x8003
UVM_INFO ./../UVME/sequence/in_stream_zero_to_three_map_sequence.sv(524) @ 206: uvm_test_top.env.ulss_agent.sqr@@in_stream_zero_to_three_map_sequence_inst [in_stream_zero_to_three_map_sequence] in_stream_2_reg=0x8003
UVM_INFO ./../UVME/agent/ulss_driver.sv(1225) @ 216: uvm_test_top.env.ulss_agent.drv [ulss_driver] [DRV] WRITE ADDR=7 DATA=0x8003
UVM_INFO ./../UVME/sequence/in_stream_zero_to_three_map_sequence.sv(556) @ 238: uvm_test_top.env.ulss_agent.sqr@@in_stream_zero_to_three_map_sequence_inst [in_stream_zero_to_three_map_sequence] in_stream_3_reg=0x8003
UVM_INFO ./../UVME/sequence/in_stream_zero_to_three_map_sequence.sv(597) @ 276: uvm_test_top.env.ulss_agent.sqr@@in_stream_zero_to_three_map_sequence_inst [in_stream_zero_to_three_map_sequence] Sending packet on stream 0
UVM_INFO ./../UVME/agent/ulss_driver.sv(1409) @ 286: uvm_test_top.env.ulss_agent.drv [ulss_driver] [DRV] Driving stream 0: data=0xae696d6d803d3e6f, sop=1, eop=1
UVM_INFO ./../UVME/sequence/in_stream_zero_to_three_map_sequence.sv(632) @ 310: uvm_test_top.env.ulss_agent.sqr@@in_stream_zero_to_three_map_sequence_inst [in_stream_zero_to_three_map_sequence] Sending packet on stream 1
UVM_INFO ./../UVME/sequence/in_stream_zero_to_three_map_sequence.sv(667) @ 346: uvm_test_top.env.ulss_agent.sqr@@in_stream_zero_to_three_map_sequence_inst [in_stream_zero_to_three_map_sequence] Sending packet on stream 2
UVM_INFO ./../UVME/sequence/in_stream_zero_to_three_map_sequence.sv(702) @ 386: uvm_test_top.env.ulss_agent.sqr@@in_stream_zero_to_three_map_sequence_inst [in_stream_zero_to_three_map_sequence] Sending packet on stream 3
UVM_WARNING ./../UVME/agent/ulss_driver.sv(1347) @ 1254: uvm_test_top.env.ulss_agent.drv [ulss_driver] Timeout waiting for pck_rd_en_grnt_0 - attempting recovery
UVM_ERROR ./../UVME/agent/ulss_driver.sv(1397) @ 1374: uvm_test_top.env.ulss_agent.drv [ulss_driver] Recovery failed for pck_rd_en_grnt_0 - skipping packet
UVM_WARNING ./../UVME/agent/ulss_driver.sv(1347) @ 2174: uvm_test_top.env.ulss_agent.drv [ulss_driver] Timeout waiting for pck_rd_en_grnt_1 - attempting recovery
UVM_ERROR ./../UVME/agent/ulss_driver.sv(1397) @ 2294: uvm_test_top.env.ulss_agent.drv [ulss_driver] Recovery failed for pck_rd_en_grnt_1 - skipping packet
UVM_WARNING ./../UVME/agent/ulss_driver.sv(1347) @ 3094: uvm_test_top.env.ulss_agent.drv [ulss_driver] Timeout waiting for pck_rd_en_grnt_2 - attempting recovery
UVM_ERROR ./../UVME/agent/ulss_driver.sv(1397) @ 3214: uvm_test_top.env.ulss_agent.drv [ulss_driver] Recovery failed for pck_rd_en_grnt_2 - skipping packet
UVM_WARNING ./../UVME/agent/ulss_driver.sv(1347) @ 4014: uvm_test_top.env.ulss_agent.drv [ulss_driver] Timeout waiting for pck_rd_en_grnt_3 - attempting recovery
UVM_ERROR ./../UVME/agent/ulss_driver.sv(1397) @ 4134: uvm_test_top.env.ulss_agent.drv [ulss_driver] Recovery failed for pck_rd_en_grnt_3 - skipping packet
UVM_INFO ./../UVME/sequence/in_stream_zero_to_three_map_sequence.sv(828) @ 4134: uvm_test_top.env.ulss_agent.sqr@@in_stream_zero_to_three_map_sequence_inst [in_stream_zero_to_three_map_sequence] Sequence completed successfully
UVM_INFO ./../UVME/tests/in_stream_zero_to_three_map_test.sv(27) @ 4134: uvm_test_top [in_stream_zero_to_three_map_test] in_stream_zero_to_three_map_test scenario 2 is completed
UVM_WARNING ./../UVME/agent/ulss_driver.sv(1166) @ 80078: uvm_test_top.env.ulss_agent.drv [ulss_driver] Global simulation timeout reached, ending simulation
UVM_INFO /tools/cadence_march2021/XCELIUM2009/tools/methodology/UVM/CDNS-1.1d/sv/src/base/uvm_objection.svh(1268) @ 80118: reporter [TEST_DONE] 'run' phase is ready to proceed to the 'extract' phase

--- UVM Report catcher Summary ---


Number of demoted UVM_FATAL reports  :    0
Number of demoted UVM_ERROR reports  :    0
Number of demoted UVM_WARNING reports:    0
Number of caught UVM_FATAL reports   :    0
Number of caught UVM_ERROR reports   :    0
Number of caught UVM_WARNING reports :    0

--- UVM Report Summary ---

** Report counts by severity
UVM_INFO :   23
UVM_WARNING :    5
UVM_ERROR :    4
UVM_FATAL :    0
** Report counts by id
[RNTST]     1
[TEST_DONE]     1
[UVMTOP]     1
[in_stream_zero_to_three_map_sequence]    11
[in_stream_zero_to_three_map_test]     2
[ulss_driver]    15
[uvm_test_top]     1
Simulation complete via $finish(1) at time 80118 NS + 47
/tools/cadence_march2021/XCELIUM2009/tools/methodology/UVM/CDNS-1.1d/sv/src/base/uvm_root.svh:457     $finish;
xcelium> exit
TOOL:	xrun(64)	20.09-s009: Exiting on Apr 24, 2025 at 10:38:33 IST  (total: 00:00:05)
